21/03/09 02:32:16 WARN NativeCodeLoader: Unable to load native-hadoop library for your platform... using builtin-java classes where applicable
21/03/09 02:32:17 INFO SecurityManager: Changing view acls to: ryan
21/03/09 02:32:17 INFO SecurityManager: Changing modify acls to: ryan
21/03/09 02:32:17 INFO SecurityManager: Changing view acls groups to: 
21/03/09 02:32:17 INFO SecurityManager: Changing modify acls groups to: 
21/03/09 02:32:17 INFO SecurityManager: SecurityManager: authentication disabled; ui acls disabled; users  with view permissions: Set(ryan); groups with view permissions: Set(); users  with modify permissions: Set(ryan); groups with modify permissions: Set()
21/03/09 02:32:21 INFO HiveConf: Found configuration file file:/home/ryan/spark/spark-3.0.1-bin-hadoop3.2/conf/hive-site.xml
21/03/09 02:32:21 INFO SparkContext: Running Spark version 3.0.1
21/03/09 02:32:21 INFO ResourceUtils: ==============================================================
21/03/09 02:32:21 INFO ResourceUtils: Resources for spark.driver:

21/03/09 02:32:21 INFO ResourceUtils: ==============================================================
21/03/09 02:32:21 INFO SparkContext: Submitted application: sparklyr
21/03/09 02:32:21 INFO SecurityManager: Changing view acls to: ryan
21/03/09 02:32:21 INFO SecurityManager: Changing modify acls to: ryan
21/03/09 02:32:21 INFO SecurityManager: Changing view acls groups to: 
21/03/09 02:32:21 INFO SecurityManager: Changing modify acls groups to: 
21/03/09 02:32:21 INFO SecurityManager: SecurityManager: authentication disabled; ui acls disabled; users  with view permissions: Set(ryan); groups with view permissions: Set(); users  with modify permissions: Set(ryan); groups with modify permissions: Set()
21/03/09 02:32:21 INFO Utils: Successfully started service 'sparkDriver' on port 43987.
21/03/09 02:32:21 INFO SparkEnv: Registering MapOutputTracker
21/03/09 02:32:22 INFO SparkEnv: Registering BlockManagerMaster
21/03/09 02:32:22 INFO BlockManagerMasterEndpoint: Using org.apache.spark.storage.DefaultTopologyMapper for getting topology information
21/03/09 02:32:22 INFO BlockManagerMasterEndpoint: BlockManagerMasterEndpoint up
21/03/09 02:32:22 INFO SparkEnv: Registering BlockManagerMasterHeartbeat
21/03/09 02:32:22 INFO DiskBlockManager: Created local directory at /tmp/blockmgr-f52b57e0-be3e-4cfd-93e9-a56b576bb2cc
21/03/09 02:32:22 INFO MemoryStore: MemoryStore started with capacity 1048.8 MiB
21/03/09 02:32:22 INFO SparkEnv: Registering OutputCommitCoordinator
21/03/09 02:32:22 INFO Utils: Successfully started service 'SparkUI' on port 4040.
21/03/09 02:32:23 INFO SparkUI: Bound SparkUI to 127.0.0.1, and started at http://localhost:4040
21/03/09 02:32:23 INFO SparkContext: Added JAR file:/home/ryan/R/x86_64-pc-linux-gnu-library/4.0/sparklyr/java/sparklyr-3.0-2.12.jar at spark://localhost:43987/jars/sparklyr-3.0-2.12.jar with timestamp 1615275143161
21/03/09 02:32:23 INFO Executor: Starting executor ID driver on host localhost
21/03/09 02:32:23 INFO Utils: Successfully started service 'org.apache.spark.network.netty.NettyBlockTransferService' on port 32841.
21/03/09 02:32:23 INFO NettyBlockTransferService: Server created on localhost:32841
21/03/09 02:32:23 INFO BlockManager: Using org.apache.spark.storage.RandomBlockReplicationPolicy for block replication policy
21/03/09 02:32:23 INFO BlockManagerMaster: Registering BlockManager BlockManagerId(driver, localhost, 32841, None)
21/03/09 02:32:23 INFO BlockManagerMasterEndpoint: Registering block manager localhost:32841 with 1048.8 MiB RAM, BlockManagerId(driver, localhost, 32841, None)
21/03/09 02:32:23 INFO BlockManagerMaster: Registered BlockManager BlockManagerId(driver, localhost, 32841, None)
21/03/09 02:32:23 INFO BlockManager: Initialized BlockManager: BlockManagerId(driver, localhost, 32841, None)
21/03/09 02:32:24 INFO SharedState: loading hive config file: file:/home/ryan/spark/spark-3.0.1-bin-hadoop3.2/conf/hive-site.xml
21/03/09 02:32:24 INFO SharedState: Setting hive.metastore.warehouse.dir ('null') to the value of spark.sql.warehouse.dir ('file:/home/ryan/GitHubProj/RSpark/spark-warehouse').
21/03/09 02:32:24 INFO SharedState: Warehouse path is 'file:/home/ryan/GitHubProj/RSpark/spark-warehouse'.
21/03/09 02:35:10 INFO SparkContext: Invoking stop() from shutdown hook
21/03/09 02:35:10 INFO SparkUI: Stopped Spark web UI at http://localhost:4040
21/03/09 02:35:11 INFO MapOutputTrackerMasterEndpoint: MapOutputTrackerMasterEndpoint stopped!
21/03/09 02:35:11 INFO MemoryStore: MemoryStore cleared
21/03/09 02:35:11 INFO BlockManager: BlockManager stopped
21/03/09 02:35:11 INFO BlockManagerMaster: BlockManagerMaster stopped
21/03/09 02:35:11 INFO OutputCommitCoordinator$OutputCommitCoordinatorEndpoint: OutputCommitCoordinator stopped!
21/03/09 02:35:11 INFO SparkContext: Successfully stopped SparkContext
21/03/09 02:35:11 INFO ShutdownHookManager: Shutdown hook called
21/03/09 02:35:11 INFO ShutdownHookManager: Deleting directory /tmp/spark-be333b82-6b06-4fda-a4c4-77f6c6712ec9
21/03/09 02:35:11 INFO ShutdownHookManager: Deleting directory /tmp/spark-ab3feeca-c44e-4188-8ebe-81fa84b8bec1
21/03/09 02:36:13 WARN NativeCodeLoader: Unable to load native-hadoop library for your platform... using builtin-java classes where applicable
21/03/09 02:36:13 INFO SecurityManager: Changing view acls to: ryan
21/03/09 02:36:13 INFO SecurityManager: Changing modify acls to: ryan
21/03/09 02:36:13 INFO SecurityManager: Changing view acls groups to: 
21/03/09 02:36:13 INFO SecurityManager: Changing modify acls groups to: 
21/03/09 02:36:13 INFO SecurityManager: SecurityManager: authentication disabled; ui acls disabled; users  with view permissions: Set(ryan); groups with view permissions: Set(); users  with modify permissions: Set(ryan); groups with modify permissions: Set()
21/03/09 02:36:14 INFO HiveConf: Found configuration file file:/home/ryan/spark/spark-3.0.1-bin-hadoop3.2/conf/hive-site.xml
21/03/09 02:36:15 INFO SparkContext: Running Spark version 3.0.1
21/03/09 02:36:15 INFO ResourceUtils: ==============================================================
21/03/09 02:36:15 INFO ResourceUtils: Resources for spark.driver:

21/03/09 02:36:15 INFO ResourceUtils: ==============================================================
21/03/09 02:36:15 INFO SparkContext: Submitted application: sparklyr
21/03/09 02:36:15 INFO SecurityManager: Changing view acls to: ryan
21/03/09 02:36:15 INFO SecurityManager: Changing modify acls to: ryan
21/03/09 02:36:15 INFO SecurityManager: Changing view acls groups to: 
21/03/09 02:36:15 INFO SecurityManager: Changing modify acls groups to: 
21/03/09 02:36:15 INFO SecurityManager: SecurityManager: authentication disabled; ui acls disabled; users  with view permissions: Set(ryan); groups with view permissions: Set(); users  with modify permissions: Set(ryan); groups with modify permissions: Set()
21/03/09 02:36:15 INFO Utils: Successfully started service 'sparkDriver' on port 43905.
21/03/09 02:36:15 INFO SparkEnv: Registering MapOutputTracker
21/03/09 02:36:15 INFO SparkEnv: Registering BlockManagerMaster
21/03/09 02:36:15 INFO BlockManagerMasterEndpoint: Using org.apache.spark.storage.DefaultTopologyMapper for getting topology information
21/03/09 02:36:15 INFO BlockManagerMasterEndpoint: BlockManagerMasterEndpoint up
21/03/09 02:36:15 INFO SparkEnv: Registering BlockManagerMasterHeartbeat
21/03/09 02:36:15 INFO DiskBlockManager: Created local directory at /tmp/blockmgr-fa7c45f7-b40c-4082-a76f-26e8c66fc7f3
21/03/09 02:36:15 INFO MemoryStore: MemoryStore started with capacity 1048.8 MiB
21/03/09 02:36:15 INFO SparkEnv: Registering OutputCommitCoordinator
21/03/09 02:36:16 INFO Utils: Successfully started service 'SparkUI' on port 4040.
21/03/09 02:36:16 INFO SparkUI: Bound SparkUI to 127.0.0.1, and started at http://localhost:4040
21/03/09 02:36:16 INFO SparkContext: Added JAR file:/home/ryan/R/x86_64-pc-linux-gnu-library/4.0/sparklyr/java/sparklyr-3.0-2.12.jar at spark://localhost:43905/jars/sparklyr-3.0-2.12.jar with timestamp 1615275376971
21/03/09 02:36:18 INFO Executor: Starting executor ID driver on host localhost
21/03/09 02:36:18 INFO Utils: Successfully started service 'org.apache.spark.network.netty.NettyBlockTransferService' on port 38443.
21/03/09 02:36:18 INFO NettyBlockTransferService: Server created on localhost:38443
21/03/09 02:36:18 INFO BlockManager: Using org.apache.spark.storage.RandomBlockReplicationPolicy for block replication policy
21/03/09 02:36:18 INFO BlockManagerMaster: Registering BlockManager BlockManagerId(driver, localhost, 38443, None)
21/03/09 02:36:18 INFO BlockManagerMasterEndpoint: Registering block manager localhost:38443 with 1048.8 MiB RAM, BlockManagerId(driver, localhost, 38443, None)
21/03/09 02:36:18 INFO BlockManagerMaster: Registered BlockManager BlockManagerId(driver, localhost, 38443, None)
21/03/09 02:36:18 INFO BlockManager: Initialized BlockManager: BlockManagerId(driver, localhost, 38443, None)
21/03/09 02:36:18 INFO SharedState: loading hive config file: file:/home/ryan/spark/spark-3.0.1-bin-hadoop3.2/conf/hive-site.xml
21/03/09 02:36:19 INFO SharedState: Setting hive.metastore.warehouse.dir ('null') to the value of spark.sql.warehouse.dir ('file:/home/ryan/GitHubProj/RSpark/spark-warehouse').
21/03/09 02:36:19 INFO SharedState: Warehouse path is 'file:/home/ryan/GitHubProj/RSpark/spark-warehouse'.
21/03/09 02:36:24 INFO HiveUtils: Initializing HiveMetastoreConnection version 2.3.7 using Spark classes.
21/03/09 02:36:25 INFO SessionState: Created HDFS directory: /tmp/hive/ryan
21/03/09 02:36:25 INFO SessionState: Created local directory: /tmp/ryan
21/03/09 02:36:25 INFO SessionState: Created HDFS directory: /tmp/hive/ryan/0f0b2bc9-eb9e-44d0-8f5e-224e8f43a293
21/03/09 02:36:25 INFO SessionState: Created local directory: /tmp/ryan/0f0b2bc9-eb9e-44d0-8f5e-224e8f43a293
21/03/09 02:36:25 INFO SessionState: Created HDFS directory: /tmp/hive/ryan/0f0b2bc9-eb9e-44d0-8f5e-224e8f43a293/_tmp_space.db
21/03/09 02:36:25 INFO HiveClientImpl: Warehouse location for Hive client (version 2.3.7) is file:/home/ryan/GitHubProj/RSpark/spark-warehouse
21/03/09 02:36:27 WARN HiveConf: HiveConf of name hive.stats.jdbc.timeout does not exist
21/03/09 02:36:27 WARN HiveConf: HiveConf of name hive.stats.retries.wait does not exist
21/03/09 02:36:27 INFO HiveMetaStore: 0: Opening raw store with implementation class:org.apache.hadoop.hive.metastore.ObjectStore
21/03/09 02:36:27 INFO ObjectStore: ObjectStore, initialize called
21/03/09 02:36:28 INFO Persistence: Property hive.metastore.integral.jdo.pushdown unknown - will be ignored
21/03/09 02:36:28 INFO Persistence: Property datanucleus.cache.level2 unknown - will be ignored
21/03/09 02:36:35 INFO ObjectStore: Setting MetaStore object pin classes with hive.metastore.cache.pinobjtypes="Table,StorageDescriptor,SerDeInfo,Partition,Database,Type,FieldSchema,Order"
21/03/09 02:37:15 INFO MetaStoreDirectSql: Using direct SQL, underlying DB is DERBY
21/03/09 02:37:15 INFO ObjectStore: Initialized ObjectStore
21/03/09 02:37:15 WARN ObjectStore: Version information not found in metastore. hive.metastore.schema.verification is not enabled so recording the schema version 2.3.0
21/03/09 02:37:15 WARN ObjectStore: setMetaStoreSchemaVersion called but recording version is disabled: version = 2.3.0, comment = Set by MetaStore ryan@127.0.1.1
21/03/09 02:37:15 WARN ObjectStore: Failed to get database default, returning NoSuchObjectException
21/03/09 02:37:16 INFO HiveMetaStore: Added admin role in metastore
21/03/09 02:37:16 INFO HiveMetaStore: Added public role in metastore
21/03/09 02:37:16 INFO HiveMetaStore: No user is added in admin role, since config is empty
21/03/09 02:37:17 INFO HiveMetaStore: 0: get_all_functions
21/03/09 02:37:17 INFO audit: ugi=ryan	ip=unknown-ip-addr	cmd=get_all_functions	
21/03/09 02:37:18 INFO HiveMetaStore: 0: get_database: default
21/03/09 02:37:18 INFO audit: ugi=ryan	ip=unknown-ip-addr	cmd=get_database: default	
21/03/09 02:37:18 INFO HiveMetaStore: 0: get_database: global_temp
21/03/09 02:37:19 INFO audit: ugi=ryan	ip=unknown-ip-addr	cmd=get_database: global_temp	
21/03/09 02:37:19 WARN ObjectStore: Failed to get database global_temp, returning NoSuchObjectException
21/03/09 02:37:19 INFO HiveMetaStore: 0: get_database: default
21/03/09 02:37:19 INFO audit: ugi=ryan	ip=unknown-ip-addr	cmd=get_database: default	
21/03/09 02:37:19 INFO HiveMetaStore: 0: get_database: default
21/03/09 02:37:20 INFO audit: ugi=ryan	ip=unknown-ip-addr	cmd=get_database: default	
21/03/09 02:37:20 INFO HiveMetaStore: 0: get_tables: db=default pat=*
21/03/09 02:37:20 INFO audit: ugi=ryan	ip=unknown-ip-addr	cmd=get_tables: db=default pat=*	
21/03/09 02:38:47 INFO CodeGenerator: Code generated in 496.280867 ms
21/03/09 02:38:47 INFO CodeGenerator: Code generated in 52.127923 ms
21/03/09 02:38:48 INFO SparkContext: Starting job: count at utils.scala:116
21/03/09 02:38:48 INFO DAGScheduler: Registering RDD 2 (count at utils.scala:116) as input to shuffle 0
21/03/09 02:38:48 INFO DAGScheduler: Got job 0 (count at utils.scala:116) with 1 output partitions
21/03/09 02:38:48 INFO DAGScheduler: Final stage: ResultStage 1 (count at utils.scala:116)
21/03/09 02:38:48 INFO DAGScheduler: Parents of final stage: List(ShuffleMapStage 0)
21/03/09 02:38:48 INFO DAGScheduler: Missing parents: List()
21/03/09 02:38:48 INFO DAGScheduler: Submitting ResultStage 1 (MapPartitionsRDD[5] at count at utils.scala:116), which has no missing parents
21/03/09 02:38:48 INFO MemoryStore: Block broadcast_0 stored as values in memory (estimated size 10.1 KiB, free 1048.8 MiB)
21/03/09 02:38:48 INFO MemoryStore: Block broadcast_0_piece0 stored as bytes in memory (estimated size 5.0 KiB, free 1048.8 MiB)
21/03/09 02:38:48 INFO BlockManagerInfo: Added broadcast_0_piece0 in memory on localhost:38443 (size: 5.0 KiB, free: 1048.8 MiB)
21/03/09 02:38:48 INFO SparkContext: Created broadcast 0 from broadcast at DAGScheduler.scala:1223
21/03/09 02:38:48 INFO DAGScheduler: Submitting 1 missing tasks from ResultStage 1 (MapPartitionsRDD[5] at count at utils.scala:116) (first 15 tasks are for partitions Vector(0))
21/03/09 02:38:48 INFO TaskSchedulerImpl: Adding task set 1.0 with 1 tasks
21/03/09 02:38:49 INFO TaskSetManager: Starting task 0.0 in stage 1.0 (TID 0, localhost, executor driver, partition 0, PROCESS_LOCAL, 7325 bytes)
21/03/09 02:38:49 INFO Executor: Running task 0.0 in stage 1.0 (TID 0)
21/03/09 02:38:49 INFO Executor: Fetching spark://localhost:43905/jars/sparklyr-3.0-2.12.jar with timestamp 1615275376971
21/03/09 02:38:49 INFO TransportClientFactory: Successfully created connection to localhost/127.0.0.1:43905 after 55 ms (0 ms spent in bootstraps)
21/03/09 02:38:49 INFO Utils: Fetching spark://localhost:43905/jars/sparklyr-3.0-2.12.jar to /tmp/spark-c4276a89-ebb6-4ffb-9c78-c259fae71530/userFiles-c22fc454-f754-4996-ae41-25c516b45ffc/fetchFileTemp6800267207377482360.tmp
21/03/09 02:38:49 INFO Executor: Adding file:/tmp/spark-c4276a89-ebb6-4ffb-9c78-c259fae71530/userFiles-c22fc454-f754-4996-ae41-25c516b45ffc/sparklyr-3.0-2.12.jar to class loader
21/03/09 02:38:49 INFO ShuffleBlockFetcherIterator: Getting 0 (0.0 B) non-empty blocks including 0 (0.0 B) local and 0 (0.0 B) host-local and 0 (0.0 B) remote blocks
21/03/09 02:38:49 INFO ShuffleBlockFetcherIterator: Started 0 remote fetches in 11 ms
21/03/09 02:38:49 INFO Executor: Finished task 0.0 in stage 1.0 (TID 0). 2727 bytes result sent to driver
21/03/09 02:38:49 INFO TaskSetManager: Finished task 0.0 in stage 1.0 (TID 0) in 602 ms on localhost (executor driver) (1/1)
21/03/09 02:38:49 INFO TaskSchedulerImpl: Removed TaskSet 1.0, whose tasks have all completed, from pool 
21/03/09 02:38:49 INFO DAGScheduler: ResultStage 1 (count at utils.scala:116) finished in 1.018 s
21/03/09 02:38:49 INFO DAGScheduler: Job 0 is finished. Cancelling potential speculative or zombie tasks for this job
21/03/09 02:38:49 INFO TaskSchedulerImpl: Killing all running tasks in stage 1: Stage finished
21/03/09 02:38:49 INFO DAGScheduler: Job 0 finished: count at utils.scala:116, took 1.125484 s
21/03/09 02:38:50 INFO HiveMetaStore: 0: get_database: default
21/03/09 02:38:50 INFO audit: ugi=ryan	ip=unknown-ip-addr	cmd=get_database: default	
21/03/09 02:38:50 INFO HiveMetaStore: 0: get_database: default
21/03/09 02:38:50 INFO audit: ugi=ryan	ip=unknown-ip-addr	cmd=get_database: default	
21/03/09 02:38:50 INFO HiveMetaStore: 0: get_tables: db=default pat=*
21/03/09 02:38:50 INFO audit: ugi=ryan	ip=unknown-ip-addr	cmd=get_tables: db=default pat=*	
21/03/09 02:38:50 INFO SparkContext: Starting job: count at utils.scala:116
21/03/09 02:38:50 INFO DAGScheduler: Registering RDD 8 (count at utils.scala:116) as input to shuffle 1
21/03/09 02:38:50 INFO DAGScheduler: Got job 1 (count at utils.scala:116) with 1 output partitions
21/03/09 02:38:50 INFO DAGScheduler: Final stage: ResultStage 3 (count at utils.scala:116)
21/03/09 02:38:50 INFO DAGScheduler: Parents of final stage: List(ShuffleMapStage 2)
21/03/09 02:38:50 INFO DAGScheduler: Missing parents: List()
21/03/09 02:38:50 INFO DAGScheduler: Submitting ResultStage 3 (MapPartitionsRDD[11] at count at utils.scala:116), which has no missing parents
21/03/09 02:38:50 INFO MemoryStore: Block broadcast_1 stored as values in memory (estimated size 10.1 KiB, free 1048.8 MiB)
21/03/09 02:38:50 INFO MemoryStore: Block broadcast_1_piece0 stored as bytes in memory (estimated size 5.0 KiB, free 1048.8 MiB)
21/03/09 02:38:50 INFO BlockManagerInfo: Added broadcast_1_piece0 in memory on localhost:38443 (size: 5.0 KiB, free: 1048.8 MiB)
21/03/09 02:38:50 INFO SparkContext: Created broadcast 1 from broadcast at DAGScheduler.scala:1223
21/03/09 02:38:50 INFO DAGScheduler: Submitting 1 missing tasks from ResultStage 3 (MapPartitionsRDD[11] at count at utils.scala:116) (first 15 tasks are for partitions Vector(0))
21/03/09 02:38:50 INFO TaskSchedulerImpl: Adding task set 3.0 with 1 tasks
21/03/09 02:38:50 INFO TaskSetManager: Starting task 0.0 in stage 3.0 (TID 1, localhost, executor driver, partition 0, PROCESS_LOCAL, 7325 bytes)
21/03/09 02:38:50 INFO Executor: Running task 0.0 in stage 3.0 (TID 1)
21/03/09 02:38:50 INFO ShuffleBlockFetcherIterator: Getting 0 (0.0 B) non-empty blocks including 0 (0.0 B) local and 0 (0.0 B) host-local and 0 (0.0 B) remote blocks
21/03/09 02:38:50 INFO ShuffleBlockFetcherIterator: Started 0 remote fetches in 0 ms
21/03/09 02:38:50 INFO Executor: Finished task 0.0 in stage 3.0 (TID 1). 2641 bytes result sent to driver
21/03/09 02:38:50 INFO TaskSetManager: Finished task 0.0 in stage 3.0 (TID 1) in 10 ms on localhost (executor driver) (1/1)
21/03/09 02:38:50 INFO DAGScheduler: ResultStage 3 (count at utils.scala:116) finished in 0.016 s
21/03/09 02:38:50 INFO DAGScheduler: Job 1 is finished. Cancelling potential speculative or zombie tasks for this job
21/03/09 02:38:50 INFO TaskSchedulerImpl: Removed TaskSet 3.0, whose tasks have all completed, from pool 
21/03/09 02:38:50 INFO TaskSchedulerImpl: Killing all running tasks in stage 3: Stage finished
21/03/09 02:38:50 INFO DAGScheduler: Job 1 finished: count at utils.scala:116, took 0.020136 s
21/03/09 02:38:50 INFO HiveMetaStore: 0: get_database: default
21/03/09 02:38:50 INFO audit: ugi=ryan	ip=unknown-ip-addr	cmd=get_database: default	
21/03/09 02:38:50 INFO HiveMetaStore: 0: get_database: default
21/03/09 02:38:50 INFO audit: ugi=ryan	ip=unknown-ip-addr	cmd=get_database: default	
21/03/09 02:38:50 INFO HiveMetaStore: 0: get_tables: db=default pat=*
21/03/09 02:38:50 INFO audit: ugi=ryan	ip=unknown-ip-addr	cmd=get_tables: db=default pat=*	
21/03/09 02:38:51 INFO SparkContext: Starting job: collect at utils.scala:43
21/03/09 02:38:51 INFO DAGScheduler: Job 2 finished: collect at utils.scala:43, took 0.007603 s
21/03/09 02:41:45 INFO SparkContext: Invoking stop() from shutdown hook
21/03/09 02:41:45 INFO SparkUI: Stopped Spark web UI at http://localhost:4040
21/03/09 02:41:45 INFO MapOutputTrackerMasterEndpoint: MapOutputTrackerMasterEndpoint stopped!
21/03/09 02:41:45 INFO MemoryStore: MemoryStore cleared
21/03/09 02:41:45 INFO BlockManager: BlockManager stopped
21/03/09 02:41:45 INFO BlockManagerMaster: BlockManagerMaster stopped
21/03/09 02:41:45 INFO OutputCommitCoordinator$OutputCommitCoordinatorEndpoint: OutputCommitCoordinator stopped!
21/03/09 02:41:45 INFO SparkContext: Successfully stopped SparkContext
21/03/09 02:41:45 INFO ShutdownHookManager: Shutdown hook called
21/03/09 02:41:45 INFO ShutdownHookManager: Deleting directory /tmp/spark-3ffe59e0-68fa-40c8-b3f9-d2b763174d75
21/03/09 02:41:45 INFO ShutdownHookManager: Deleting directory /tmp/spark-c4276a89-ebb6-4ffb-9c78-c259fae71530
